0
frame        0
available    0
dtype: int64
1
frame        0
available    0
dtype: int64
2
frame        2
available    2
dtype: int64
3
frame        2
available    2
dtype: int64
4
frame        2
available    2
dtype: int64
5
frame        0
available    0
dtype: int64
6
frame        0
available    0
dtype: int64
7
frame        62
available    62
dtype: int64
8
frame        2
available    2
dtype: int64
9
frame        1
available    1
dtype: int64
10
frame        2
available    2
dtype: int64
11
frame        2
available    2
dtype: int64
12
frame        0
available    0
dtype: int64
13
frame        1
available    1
dtype: int64
14
frame        2
available    2
dtype: int64
15
frame        4
available    4
dtype: int64
16
frame        3
available    3
dtype: int64
17
frame        5
available    5
dtype: int64
18
frame        3
available    3
dtype: int64
19
frame        1
available    1
dtype: int64
20
frame        10
available    10
dtype: int64
21
frame        2
available    2
dtype: int64
22
frame        8
available    8
dtype: int64
23
frame        1
available    1
dtype: int64
24
frame        3
available    3
dtype: int64
25
frame        1
available    1
dtype: int64
26
frame        3
available    3
dtype: int64
27
frame        3
available    3
dtype: int64
28
frame        21
available    21
dtype: int64
29
frame        8
available    8
dtype: int64
30
frame        5
available    5
dtype: int64
31
frame        76
available    76
dtype: int64
32
frame        2
available    2
dtype: int64
33
frame        5
available    5
dtype: int64
34
frame        9
available    9
dtype: int64
35
frame        12
available    12
dtype: int64
36
frame        5
available    5
dtype: int64
37
frame        11
available    11
dtype: int64
38
frame        2
available    2
dtype: int64
39
frame        4
available    4
dtype: int64
40
frame        1
available    1
dtype: int64
41
frame        19
available    19
dtype: int64
42
frame        3
available    3
dtype: int64
43
frame        2
available    2
dtype: int64
44
frame        2
available    2
dtype: int64
45
frame        2
available    2
dtype: int64
46
frame        1
available    1
dtype: int64
47
frame        0
available    0
dtype: int64
48
frame        1
available    1
dtype: int64
49
frame        1
available    1
dtype: int64
50
frame        8
available    8
dtype: int64
51
frame        0
available    0
dtype: int64
52
frame        0
available    0
dtype: int64
53
frame        0
available    0
dtype: int64
54
frame        0
available    0
dtype: int64
55
frame        1
available    1
dtype: int64
56
frame        4
available    4
dtype: int64
57
frame        0
available    0
dtype: int64
58
frame        4
available    4
dtype: int64
59
frame        0
available    0
dtype: int64
60
frame        1
available    1
dtype: int64
61
frame        0
available    0
dtype: int64
62
frame        0
available    0
dtype: int64
63
frame        2
available    2
dtype: int64
64
frame        10
available    10
dtype: int64
65
frame        0
available    0
dtype: int64
66
frame        0
available    0
dtype: int64
67
frame        0
available    0
dtype: int64
68
frame        0
available    0
dtype: int64
69
frame        0
available    0
dtype: int64
70
frame        1
available    1
dtype: int64
71
frame        0
available    0
dtype: int64
72
frame        1
available    1
dtype: int64
73
frame        0
available    0
dtype: int64
74
frame        1
available    1
dtype: int64
75
frame        0
available    0
dtype: int64
76
frame        0
available    0
dtype: int64
77
frame        2
available    2
dtype: int64
78
frame        0
available    0
dtype: int64
79
frame        1
available    1
dtype: int64
80
frame        1
available    1
dtype: int64
81
frame        0
available    0
dtype: int64
82
frame        0
available    0
dtype: int64
83
frame        0
available    0
dtype: int64
84
frame        5
available    5
dtype: int64
85
frame        0
available    0
dtype: int64
86
frame        1
available    1
dtype: int64
87
frame        1
available    1
dtype: int64
88
frame        0
available    0
dtype: int64
89
frame        0
available    0
dtype: int64
90
frame        1
available    1
dtype: int64
91
frame        1
available    1
dtype: int64
92
frame        0
available    0
dtype: int64
93
frame        0
available    0
dtype: int64
94
frame        0
available    0
dtype: int64
95
frame        0
available    0
dtype: int64
96
frame        1
available    1
dtype: int64
97
frame        8
available    8
dtype: int64
98
frame        0
available    0
dtype: int64
99
frame        1
available    1
dtype: int64
100
frame        0
available    0
dtype: int64
101
frame        0
available    0
dtype: int64
102
frame        0
available    0
dtype: int64
103
frame        0
available    0
dtype: int64
104
frame        0
available    0
dtype: int64
105
frame        1
available    1
dtype: int64
106
frame        1
available    1
dtype: int64
107
frame        2
available    2
dtype: int64
108
frame        0
available    0
dtype: int64
109
frame        0
available    0
dtype: int64
110
frame        0
available    0
dtype: int64
111
frame        11
available    11
dtype: int64
112
frame        90
available    90
dtype: int64
113
frame        1
available    1
dtype: int64
114
frame        1
available    1
dtype: int64
115
frame        0
available    0
dtype: int64
116
frame        0
available    0
dtype: int64
117
frame        0
available    0
dtype: int64
118
frame        0
available    0
dtype: int64
119
frame        2
available    2
dtype: int64
120
frame        1
available    1
dtype: int64
121
frame        1
available    1
dtype: int64
122
frame        2
available    2
dtype: int64
123
frame        0
available    0
dtype: int64
124
frame        0
available    0
dtype: int64
125
frame        6
available    6
dtype: int64
126
frame        1
available    1
dtype: int64
127
frame        1
available    1
dtype: int64
128
frame        2
available    2
dtype: int64
129
frame        0
available    0
dtype: int64
130
frame        0
available    0
dtype: int64
131
frame        0
available    0
dtype: int64
132
frame        0
available    0
dtype: int64
133
frame        0
available    0
dtype: int64
134
frame        0
available    0
dtype: int64
135
frame        3
available    3
dtype: int64
136
frame        0
available    0
dtype: int64
137
frame        0
available    0
dtype: int64
138
frame        1
available    1
dtype: int64
139
frame        0
available    0
dtype: int64
140
frame        0
available    0
dtype: int64
141
frame        0
available    0
dtype: int64
142
frame        0
available    0
dtype: int64
143
frame        0
available    0
dtype: int64
144
frame        1
available    1
dtype: int64
145
frame        0
available    0
dtype: int64
146
frame        0
available    0
dtype: int64
147
frame        1
available    1
dtype: int64
148
frame        0
available    0
dtype: int64
149
frame        0
available    0
dtype: int64
150
frame        0
available    0
dtype: int64
151
frame        1
available    1
dtype: int64
152
frame        0
available    0
dtype: int64
153
frame        0
available    0
dtype: int64
154
frame        0
available    0
dtype: int64
155
frame        0
available    0
dtype: int64
156
frame        0
available    0
dtype: int64
157
frame        118
available    118
dtype: int64
158
frame        0
available    0
dtype: int64
159
frame        0
available    0
dtype: int64
160
frame        0
available    0
dtype: int64
161
frame        15
available    15
dtype: int64
162
frame        3
available    3
dtype: int64
163
frame        2
available    2
dtype: int64
164
frame        0
available    0
dtype: int64
165
frame        2
available    2
dtype: int64
166
frame        0
available    0
dtype: int64
167
frame        0
available    0
dtype: int64
168
frame        1
available    1
dtype: int64
169
frame        0
available    0
dtype: int64
170
frame        1
available    1
dtype: int64
171
frame        0
available    0
dtype: int64
172
frame        0
available    0
dtype: int64
173
frame        2
available    2
dtype: int64
174
frame        0
available    0
dtype: int64
175
frame        1
available    1
dtype: int64
176
frame        0
available    0
dtype: int64
177
frame        48
available    48
dtype: int64
178
frame        4
available    4
dtype: int64
179
frame        2
available    2
dtype: int64
180
frame        74
available    74
dtype: int64
181
frame        1
available    1
dtype: int64
182
frame        69
available    69
dtype: int64
183
frame        2
available    2
dtype: int64
184
frame        1
available    1
dtype: int64
185
frame        3
available    3
dtype: int64
186
frame        3
available    3
dtype: int64
187
frame        2
available    2
dtype: int64
188
frame        1
available    1
dtype: int64
189
frame        7
available    7
dtype: int64
190
frame        3
available    3
dtype: int64
191
frame        0
available    0
dtype: int64
192
frame        3
available    3
dtype: int64
193
frame        5
available    5
dtype: int64
194
frame        3
available    3
dtype: int64
195
frame        20
available    20
dtype: int64
196
frame        2
available    2
dtype: int64
197
frame        2
available    2
dtype: int64
198
frame        2
available    2
dtype: int64
199
frame        4
available    4
dtype: int64
200
frame        1
available    1
dtype: int64
201
frame        2
available    2
dtype: int64
202
frame        1
available    1
dtype: int64
203
frame        31
available    31
dtype: int64
204
frame        7
available    7
dtype: int64
205
frame        3
available    3
dtype: int64
206
frame        3
available    3
dtype: int64
207
frame        0
available    0
dtype: int64
208
frame        0
available    0
dtype: int64
209
frame        2
available    2
dtype: int64
210
frame        4
available    4
dtype: int64
211
frame        63
available    63
dtype: int64
212
frame        8
available    8
dtype: int64
213
frame        54
available    54
dtype: int64
214
frame        1
available    1
dtype: int64
215
frame        0
available    0
dtype: int64
216
frame        2
available    2
dtype: int64
217
frame        8
available    8
dtype: int64
218
frame        6
available    6
dtype: int64
219
frame        9
available    9
dtype: int64
220
frame        2
available    2
dtype: int64
221
frame        3
available    3
dtype: int64
222
frame        2
available    2
dtype: int64
223
frame        3
available    3
dtype: int64
224
frame        4
available    4
dtype: int64
225
frame        7
available    7
dtype: int64
226
frame        5
available    5
dtype: int64
227
frame        66
available    66
dtype: int64
228
frame        60
available    60
dtype: int64
229
frame        3
available    3
dtype: int64
230
frame        1
available    1
dtype: int64
231
frame        3
available    3
dtype: int64
232
frame        31
available    31
dtype: int64
233
frame        11
available    11
dtype: int64
234
frame        4
available    4
dtype: int64
235
frame        3
available    3
dtype: int64
236
frame        2
available    2
dtype: int64
237
frame        1
available    1
dtype: int64
238
frame        3
available    3
dtype: int64
239
frame        15
available    15
dtype: int64
240
frame        6
available    6
dtype: int64
241
frame        3
available    3
dtype: int64
242
frame        9
available    9
dtype: int64
243
frame        1
available    1
dtype: int64
244
frame        2
available    2
dtype: int64
245
frame        7
available    7
dtype: int64
246
frame        3
available    3
dtype: int64
247
frame        6
available    6
dtype: int64
248
frame        8
available    8
dtype: int64
249
frame        2
available    2
dtype: int64
250
frame        2
available    2
dtype: int64
251
frame        0
available    0
dtype: int64
252
frame        5
available    5
dtype: int64
253
frame        12
available    12
dtype: int64
254
frame        13
available    13
dtype: int64
255
frame        1
available    1
dtype: int64
256
frame        9
available    9
dtype: int64
257
frame        1
available    1
dtype: int64
258
frame        2
available    2
dtype: int64
259
frame        4
available    4
dtype: int64
260
frame        6
available    6
dtype: int64
261
frame        6
available    6
dtype: int64
262
frame        6
available    6
dtype: int64
263
frame        6
available    6
dtype: int64
264
frame        0
available    0
dtype: int64
265
frame        1
available    1
dtype: int64
266
frame        2
available    2
dtype: int64
267
frame        3
available    3
dtype: int64
268
frame        3
available    3
dtype: int64
269
frame        5
available    5
dtype: int64
270
frame        1
available    1
dtype: int64
271
frame        0
available    0
dtype: int64
272
frame        0
available    0
dtype: int64
273
frame        6
available    6
dtype: int64
274
frame        5
available    5
dtype: int64
275
frame        5
available    5
dtype: int64
276
frame        4
available    4
dtype: int64
277
frame        1
available    1
dtype: int64
278
frame        0
available    0
dtype: int64
279
frame        1
available    1
dtype: int64
280
frame        2
available    2
dtype: int64
281
frame        5
available    5
dtype: int64
282
frame        7
available    7
dtype: int64
283
frame        3
available    3
dtype: int64
284
frame        8
available    8
dtype: int64
285
frame        0
available    0
dtype: int64
286
frame        1
available    1
dtype: int64
287
frame        4
available    4
dtype: int64
288
frame        5
available    5
dtype: int64
289
frame        18
available    18
dtype: int64
290
frame        6
available    6
dtype: int64
291
frame        6
available    6
dtype: int64
292
frame        0
available    0
dtype: int64
293
frame        63
available    63
dtype: int64
294
frame        26
available    26
dtype: int64
295
frame        6
available    6
dtype: int64
296
frame        15
available    15
dtype: int64
297
frame        11
available    11
dtype: int64
298
frame        48
available    48
dtype: int64
299
frame        5
available    5
dtype: int64
300
frame        0
available    0
dtype: int64
301
frame        8
available    8
dtype: int64
302
frame        4
available    4
dtype: int64
303
frame        0
available    0
dtype: int64
304
frame        0
available    0
dtype: int64
305
frame        0
available    0
dtype: int64
306
frame        0
available    0
dtype: int64
307
frame        0
available    0
dtype: int64
308
frame        0
available    0
dtype: int64
309
frame        0
available    0
dtype: int64
310
frame        0
available    0
dtype: int64
311
frame        0
available    0
dtype: int64
312
frame        0
available    0
dtype: int64
313
frame        0
available    0
dtype: int64
314
frame        0
available    0
dtype: int64
315
frame        12
available    12
dtype: int64
316
frame        0
available    0
dtype: int64
317
frame        0
available    0
dtype: int64
318
frame        0
available    0
dtype: int64
319
frame        0
available    0
dtype: int64
320
frame        0
available    0
dtype: int64
321
frame        0
available    0
dtype: int64
322
frame        0
available    0
dtype: int64
323
frame        2
available    2
dtype: int64
324
frame        0
available    0
dtype: int64
325
frame        17
available    17
dtype: int64
326
frame        1
available    1
dtype: int64
327
frame        59
available    59
dtype: int64
328
frame        2
available    2
dtype: int64
329
frame        5
available    5
dtype: int64
330
frame        15
available    15
dtype: int64
331
frame        11
available    11
dtype: int64
332
frame        21
available    21
dtype: int64
333
frame        19
available    19
dtype: int64
334
frame        8
available    8
dtype: int64
335
frame        5
available    5
dtype: int64
336
frame        15
available    15
dtype: int64
337
frame        12
available    12
dtype: int64
338
frame        5
available    5
dtype: int64
339
frame        5
available    5
dtype: int64
340
frame        6
available    6
dtype: int64
341
frame        17
available    17
dtype: int64
342
frame        4
available    4
dtype: int64
343
frame        15
available    15
dtype: int64
344
frame        9
available    9
dtype: int64
345
frame        12
available    12
dtype: int64
346
frame        0
available    0
dtype: int64
347
frame        0
available    0
dtype: int64
348
frame        0
available    0
dtype: int64
349
frame        0
available    0
dtype: int64
350
frame        0
available    0
dtype: int64
351
frame        0
available    0
dtype: int64
352
frame        0
available    0
dtype: int64
353
frame        0
available    0
dtype: int64
354
frame        2
available    2
dtype: int64
355
frame        0
available    0
dtype: int64
356
frame        0
available    0
dtype: int64
357
frame        0
available    0
dtype: int64
358
frame        0
available    0
dtype: int64
359
frame        0
available    0
dtype: int64
360
frame        0
available    0
dtype: int64
361
frame        0
available    0
dtype: int64
362
frame        0
available    0
dtype: int64
363
frame        0
available    0
dtype: int64
364
frame        0
available    0
dtype: int64
365
frame        1
available    1
dtype: int64
366
frame        0
available    0
dtype: int64
367
frame        0
available    0
dtype: int64
368
frame        2
available    2
dtype: int64
369
frame        0
available    0
dtype: int64
370
frame        0
available    0
dtype: int64
371
frame        0
available    0
dtype: int64
372
frame        0
available    0
dtype: int64
373
frame        0
available    0
dtype: int64
374
frame        2
available    2
dtype: int64
375
frame        0
available    0
dtype: int64
376
frame        0
available    0
dtype: int64
377
frame        0
available    0
dtype: int64
378
frame        0
available    0
dtype: int64
379
frame        2
available    2
dtype: int64
380
frame        0
available    0
dtype: int64
381
frame        0
available    0
dtype: int64
382
frame        0
available    0
dtype: int64
383
frame        0
available    0
dtype: int64
384
frame        0
available    0
dtype: int64
385
frame        5
available    5
dtype: int64
386
frame        0
available    0
dtype: int64
387
frame        3
available    3
dtype: int64
388
frame        0
available    0
dtype: int64
389
frame        0
available    0
dtype: int64
390
frame        0
available    0
dtype: int64
391
frame        0
available    0
dtype: int64
392
frame        0
available    0
dtype: int64
393
frame        1
available    1
dtype: int64
394
frame        0
available    0
dtype: int64
395
frame        0
available    0
dtype: int64
396
frame        0
available    0
dtype: int64
397
frame        0
available    0
dtype: int64
398
frame        0
available    0
dtype: int64
399
frame        0
available    0
dtype: int64
400
frame        0
available    0
dtype: int64
401
frame        0
available    0
dtype: int64
402
frame        0
available    0
dtype: int64
403
frame        0
available    0
dtype: int64
404
frame        0
available    0
dtype: int64
405
frame        0
available    0
dtype: int64
406
frame        1
available    1
dtype: int64
407
frame        0
available    0
dtype: int64
408
frame        1
available    1
dtype: int64
409
frame        0
available    0
dtype: int64
410
frame        0
available    0
dtype: int64
411
frame        1
available    1
dtype: int64
412
frame        0
available    0
dtype: int64
413
frame        0
available    0
dtype: int64
414
frame        0
available    0
dtype: int64
415
frame        0
available    0
dtype: int64
416
frame        0
available    0
dtype: int64
417
frame        0
available    0
dtype: int64
418
frame        0
available    0
dtype: int64
419
frame        0
available    0
dtype: int64
420
frame        0
available    0
dtype: int64
421
frame        0
available    0
dtype: int64
422
frame        0
available    0
dtype: int64
423
frame        0
available    0
dtype: int64
424
frame        0
available    0
dtype: int64
425
frame        0
available    0
dtype: int64
426
frame        0
available    0
dtype: int64
427
frame        1
available    1
dtype: int64
428
frame        0
available    0
dtype: int64
429
frame        5
available    5
dtype: int64
430
frame        0
available    0
dtype: int64
431
frame        0
available    0
dtype: int64
432
frame        0
available    0
dtype: int64
433
frame        0
available    0
dtype: int64
434
frame        0
available    0
dtype: int64
435
frame        0
available    0
dtype: int64
436
frame        0
available    0
dtype: int64
437
frame        0
available    0
dtype: int64
438
frame        0
available    0
dtype: int64
439
frame        0
available    0
dtype: int64
440
frame        0
available    0
dtype: int64
441
frame        0
available    0
dtype: int64
442
frame        0
available    0
dtype: int64
443
frame        1
available    1
dtype: int64
444
frame        0
available    0
dtype: int64
445
frame        0
available    0
dtype: int64
446
frame        0
available    0
dtype: int64
447
frame        0
available    0
dtype: int64
448
frame        0
available    0
dtype: int64
449
frame        0
available    0
dtype: int64
450
frame        0
available    0
dtype: int64
451
frame        0
available    0
dtype: int64
452
frame        0
available    0
dtype: int64
453
frame        0
available    0
dtype: int64
454
frame        1
available    1
dtype: int64
455
frame        1
available    1
dtype: int64
456
frame        1
available    1
dtype: int64
457
frame        0
available    0
dtype: int64
458
frame        0
available    0
dtype: int64
459
frame        0
available    0
dtype: int64
460
frame        0
available    0
dtype: int64
461
frame        0
available    0
dtype: int64
462
frame        1
available    1
dtype: int64
463
frame        0
available    0
dtype: int64
464
frame        0
available    0
dtype: int64
465
frame        0
available    0
dtype: int64
466
frame        0
available    0
dtype: int64
467
frame        0
available    0
dtype: int64
468
frame        0
available    0
dtype: int64
469
frame        0
available    0
dtype: int64
470
frame        1
available    1
dtype: int64
471
frame        0
available    0
dtype: int64
472
frame        0
available    0
dtype: int64
473
frame        3
available    3
dtype: int64
474
frame        1
available    1
dtype: int64
475
frame        0
available    0
dtype: int64
476
frame        0
available    0
dtype: int64
477
frame        0
available    0
dtype: int64
478
frame        0
available    0
dtype: int64
479
frame        0
available    0
dtype: int64
480
frame        0
available    0
dtype: int64
481
frame        0
available    0
dtype: int64
482
frame        0
available    0
dtype: int64
483
frame        0
available    0
dtype: int64
484
frame        0
available    0
dtype: int64
485
frame        0
available    0
dtype: int64
486
frame        0
available    0
dtype: int64
487
frame        3
available    3
dtype: int64
488
frame        1
available    1
dtype: int64
489
frame        0
available    0
dtype: int64
490
frame        0
available    0
dtype: int64
491
frame        0
available    0
dtype: int64
492
frame        0
available    0
dtype: int64
493
frame        0
available    0
dtype: int64
494
frame        0
available    0
dtype: int64
495
frame        0
available    0
dtype: int64
496
frame        0
available    0
dtype: int64
497
frame        0
available    0
dtype: int64
498
frame        5
available    5
dtype: int64
499
frame        0
available    0
dtype: int64
500
frame        0
available    0
dtype: int64
501
frame        0
available    0
dtype: int64
502
frame        0
available    0
dtype: int64
503
frame        0
available    0
dtype: int64
504
frame        3
available    3
dtype: int64
505
frame        0
available    0
dtype: int64
506
frame        1
available    1
dtype: int64
507
frame        0
available    0
dtype: int64
508
frame        2
available    2
dtype: int64
509
frame        0
available    0
dtype: int64
510
frame        0
available    0
dtype: int64
511
frame        0
available    0
dtype: int64
512
frame        0
available    0
dtype: int64
513
frame        0
available    0
dtype: int64
514
frame        0
available    0
dtype: int64
515
frame        0
available    0
dtype: int64
516
frame        0
available    0
dtype: int64
517
frame        0
available    0
dtype: int64
518
frame        0
available    0
dtype: int64
519
frame        0
available    0
dtype: int64
520
frame        0
available    0
dtype: int64
521
frame        11
available    11
dtype: int64
522
frame        0
available    0
dtype: int64
523
frame        0
available    0
dtype: int64
524
frame        1
available    1
dtype: int64
525
frame        0
available    0
dtype: int64
526
frame        0
available    0
dtype: int64
527
frame        0
available    0
dtype: int64
528
frame        0
available    0
dtype: int64
529
frame        0
available    0
dtype: int64
530
frame        0
available    0
dtype: int64
531
frame        0
available    0
dtype: int64
532
frame        0
available    0
dtype: int64
533
frame        0
available    0
dtype: int64
534
frame        0
available    0
dtype: int64
535
frame        0
available    0
dtype: int64
536
frame        0
available    0
dtype: int64
537
frame        0
available    0
dtype: int64
538
frame        0
available    0
dtype: int64
539
frame        0
available    0
dtype: int64
540
frame        0
available    0
dtype: int64
541
frame        0
available    0
dtype: int64
542
frame        0
available    0
dtype: int64
543
frame        3
available    3
dtype: int64
544
frame        0
available    0
dtype: int64
545
frame        0
available    0
dtype: int64
546
frame        0
available    0
dtype: int64
547
frame        0
available    0
dtype: int64
548
frame        0
available    0
dtype: int64
549
frame        0
available    0
dtype: int64
550
frame        4
available    4
dtype: int64
551
frame        0
available    0
dtype: int64
552
frame        11
available    11
dtype: int64
553
frame        0
available    0
dtype: int64
554
frame        0
available    0
dtype: int64
555
frame        2
available    2
dtype: int64
556
frame        0
available    0
dtype: int64
557
frame        0
available    0
dtype: int64
558
frame        0
available    0
dtype: int64
559
frame        0
available    0
dtype: int64
560
frame        3
available    3
dtype: int64
561
frame        0
available    0
dtype: int64
562
frame        0
available    0
dtype: int64
563
frame        0
available    0
dtype: int64
564
frame        0
available    0
dtype: int64
565
frame        0
available    0
dtype: int64
566
frame        0
available    0
dtype: int64
567
frame        0
available    0
dtype: int64
568
frame        1
available    1
dtype: int64
569
frame        1
available    1
dtype: int64
570
frame        0
available    0
dtype: int64
571
frame        0
available    0
dtype: int64
572
frame        0
available    0
dtype: int64
573
frame        0
available    0
dtype: int64
574
frame        14
available    14
dtype: int64
575
frame        3
available    3
dtype: int64
576
frame        0
available    0
dtype: int64
577
frame        7
available    7
dtype: int64
578
frame        15
available    15
dtype: int64
579
frame        2
available    2
dtype: int64
580
frame        1
available    1
dtype: int64
581
frame        13
available    13
dtype: int64
582
frame        0
available    0
dtype: int64
583
frame        0
available    0
dtype: int64
584
frame        0
available    0
dtype: int64
585
frame        0
available    0
dtype: int64
586
frame        0
available    0
dtype: int64
587
frame        0
available    0
dtype: int64
588
frame        0
available    0
dtype: int64
589
frame        0
available    0
dtype: int64
590
frame        0
available    0
dtype: int64
591
frame        0
available    0
dtype: int64
592
frame        0
available    0
dtype: int64
593
frame        0
available    0
dtype: int64
594
frame        0
available    0
dtype: int64
595
frame        0
available    0
dtype: int64
596
frame        0
available    0
dtype: int64
597
frame        0
available    0
dtype: int64
598
frame        0
available    0
dtype: int64
599
frame        0
available    0
dtype: int64
600
frame        0
available    0
dtype: int64
601
frame        0
available    0
dtype: int64
602
frame        0
available    0
dtype: int64
603
frame        1
available    1
dtype: int64
604
frame        0
available    0
dtype: int64
605
frame        0
available    0
dtype: int64
606
frame        0
available    0
dtype: int64
607
frame        0
available    0
dtype: int64
608
frame        0
available    0
dtype: int64
609
frame        1
available    1
dtype: int64
610
frame        0
available    0
dtype: int64
611
frame        5
available    5
dtype: int64
612
frame        5
available    5
dtype: int64
613
frame        0
available    0
dtype: int64
614
frame        0
available    0
dtype: int64
615
frame        1
available    1
dtype: int64
616
frame        6
available    6
dtype: int64
617
frame        0
available    0
dtype: int64
618
frame        1
available    1
dtype: int64
619
frame        0
available    0
dtype: int64
620
frame        0
available    0
dtype: int64
621
frame        0
available    0
dtype: int64
622
frame        1
available    1
dtype: int64
623
frame        0
available    0
dtype: int64
624
frame        0
available    0
dtype: int64
625
frame        0
available    0
dtype: int64
626
frame        0
available    0
dtype: int64
627
frame        0
available    0
dtype: int64
628
frame        0
available    0
dtype: int64
629
frame        0
available    0
dtype: int64
630
frame        0
available    0
dtype: int64
631
frame        0
available    0
dtype: int64
632
frame        0
available    0
dtype: int64
633
frame        0
available    0
dtype: int64
634
frame        0
available    0
dtype: int64
635
frame        0
available    0
dtype: int64
636
frame        0
available    0
dtype: int64
637
frame        0
available    0
dtype: int64
638
frame        0
available    0
dtype: int64
639
frame        0
available    0
dtype: int64
640
frame        0
available    0
dtype: int64
641
frame        0
available    0
dtype: int64
642
frame        0
available    0
dtype: int64
643
frame        1
available    1
dtype: int64
644
frame        0
available    0
dtype: int64
645
frame        0
available    0
dtype: int64
646
frame        0
available    0
dtype: int64
647
frame        0
available    0
dtype: int64
648
frame        0
available    0
dtype: int64
649
frame        0
available    0
dtype: int64
650
frame        0
available    0
dtype: int64
651
frame        0
available    0
dtype: int64
652
frame        0
available    0
dtype: int64
653
frame        0
available    0
dtype: int64
654
frame        0
available    0
dtype: int64
655
frame        0
available    0
dtype: int64
656
frame        0
available    0
dtype: int64
657
frame        0
available    0
dtype: int64
658
frame        1
available    1
dtype: int64
659
frame        0
available    0
dtype: int64
660
frame        0
available    0
dtype: int64
661
frame        0
available    0
dtype: int64
662
frame        0
available    0
dtype: int64
663
frame        0
available    0
dtype: int64
664
frame        0
available    0
dtype: int64
665
frame        0
available    0
dtype: int64
666
frame        0
available    0
dtype: int64
667
frame        0
available    0
dtype: int64
668
frame        0
available    0
dtype: int64
669
frame        0
available    0
dtype: int64
670
frame        0
available    0
dtype: int64
671
frame        0
available    0
dtype: int64
672
frame        6
available    6
dtype: int64
673
frame        3
available    3
dtype: int64
674
frame        6
available    6
dtype: int64
675
frame        6
available    6
dtype: int64
676
frame        3
available    3
dtype: int64
677
frame        5
available    5
dtype: int64
678
frame        2
available    2
dtype: int64
679
frame        4
available    4
dtype: int64
680
frame        2
available    2
dtype: int64
681
frame        4
available    4
dtype: int64
682
frame        2
available    2
dtype: int64
683
frame        359
available    359
dtype: int64
684
frame        1
available    1
dtype: int64
685
frame        1
available    1
dtype: int64
686
frame        3
available    3
dtype: int64
687
frame        8
available    8
dtype: int64
688
frame        10
available    10
dtype: int64
689
frame        4
available    4
dtype: int64
690
frame        3
available    3
dtype: int64
691
frame        1
available    1
dtype: int64
692
frame        0
available    0
dtype: int64
693
frame        1
available    1
dtype: int64
694
frame        3
available    3
dtype: int64
695
frame        3
available    3
dtype: int64
696
frame        2
available    2
dtype: int64
697
frame        4
available    4
dtype: int64
698
frame        8
available    8
dtype: int64
699
frame        1
available    1
dtype: int64
700
frame        3
available    3
dtype: int64
701
frame        6
available    6
dtype: int64
702
frame        5
available    5
dtype: int64
703
frame        4
available    4
dtype: int64
704
frame        5
available    5
dtype: int64
705
frame        2
available    2
dtype: int64
706
frame        0
available    0
dtype: int64
707
frame        2
available    2
dtype: int64
708
frame        10
available    10
dtype: int64
709
frame        3
available    3
dtype: int64
710
frame        0
available    0
dtype: int64
711
frame        0
available    0
dtype: int64
712
frame        0
available    0
dtype: int64
713
frame        0
available    0
dtype: int64
714
frame        0
available    0
dtype: int64
715
frame        0
available    0
dtype: int64
716
frame        0
available    0
dtype: int64
717
frame        1
available    1
dtype: int64
718
frame        0
available    0
dtype: int64
719
frame        0
available    0
dtype: int64
720
frame        0
available    0
dtype: int64
721
frame        0
available    0
dtype: int64
722
frame        1
available    1
dtype: int64
723
frame        0
available    0
dtype: int64
724
frame        0
available    0
dtype: int64
725
frame        0
available    0
dtype: int64
726
frame        44
available    44
dtype: int64
727
frame        21
available    21
dtype: int64
728
frame        16
available    16
dtype: int64
729
frame        4
available    4
dtype: int64
730
frame        1
available    1
dtype: int64
731
frame        17
available    17
dtype: int64
732
frame        10
available    10
dtype: int64
733
frame        1
available    1
dtype: int64
734
frame        44
available    44
dtype: int64
735
frame        26
available    26
dtype: int64
736
frame        4
available    4
dtype: int64
737
frame        8
available    8
dtype: int64
738
frame        0
available    0
dtype: int64
739
frame        1
available    1
dtype: int64
740
frame        1
available    1
dtype: int64
741
frame        2
available    2
dtype: int64
742
frame        4
available    4
dtype: int64
743
frame        1
available    1
dtype: int64
744
frame        0
available    0
dtype: int64
745
frame        3
available    3
dtype: int64
746
frame        6
available    6
dtype: int64
747
frame        2
available    2
dtype: int64
748
frame        4
available    4
dtype: int64
749
frame        7
available    7
dtype: int64
750
frame        9
available    9
dtype: int64
751
frame        15
available    15
dtype: int64
752
frame        19
available    19
dtype: int64
753
frame        22
available    22
dtype: int64
754
frame        20
available    20
dtype: int64
755
frame        26
available    26
dtype: int64
756
frame        29
available    29
dtype: int64
757
frame        34
available    34
dtype: int64
758
frame        50
available    50
dtype: int64
759
frame        18
available    18
dtype: int64
760
frame        45
available    45
dtype: int64
761
frame        1
available    1
dtype: int64
762
frame        4
available    4
dtype: int64
763
frame        4
available    4
dtype: int64
764
frame        23
available    23
dtype: int64
765
frame        25
available    25
dtype: int64
766
frame        25
available    25
dtype: int64
767
frame        25
available    25
dtype: int64
768
frame        3
available    3
dtype: int64
769
frame        3
available    3
dtype: int64
770
frame        4
available    4
dtype: int64
771
frame        2
available    2
dtype: int64
772
frame        3
available    3
dtype: int64
773
frame        4
available    4
dtype: int64
774
frame        2
available    2
dtype: int64
775
frame        4
available    4
dtype: int64
776
frame        6
available    6
dtype: int64
777
frame        3
available    3
dtype: int64
778
frame        4
available    4
dtype: int64
779
frame        6
available    6
dtype: int64
780
frame        15
available    15
dtype: int64
781
frame        19
available    19
dtype: int64
782
frame        26
available    26
dtype: int64
783
frame        4
available    4
dtype: int64
784
frame        46
available    46
dtype: int64
785
frame        25
available    25
dtype: int64
786
frame        23
available    23
dtype: int64
787
frame        25
available    25
dtype: int64
788
frame        18
available    18
dtype: int64
789
frame        26
available    26
dtype: int64
790
frame        3
available    3
dtype: int64
791
frame        13
available    13
dtype: int64
792
frame        13
available    13
dtype: int64
793
frame        37
available    37
dtype: int64
794
frame        27
available    27
dtype: int64
795
frame        0
available    0
dtype: int64
796
frame        1
available    1
dtype: int64
797
frame        0
available    0
dtype: int64
798
frame        0
available    0
dtype: int64
799
frame        1
available    1
dtype: int64
800
frame        1
available    1
dtype: int64
801
frame        1
available    1
dtype: int64
802
frame        0
available    0
dtype: int64
803
frame        1
available    1
dtype: int64
804
frame        0
available    0
dtype: int64
805
frame        0
available    0
dtype: int64
806
frame        1
available    1
dtype: int64
807
frame        0
available    0
dtype: int64
808
frame        0
available    0
dtype: int64
809
frame        1
available    1
dtype: int64
810
frame        0
available    0
dtype: int64
811
frame        0
available    0
dtype: int64
812
frame        1
available    1
dtype: int64
813
frame        0
available    0
dtype: int64
814
frame        0
available    0
dtype: int64
815
frame        2
available    2
dtype: int64
816
frame        0
available    0
dtype: int64
817
frame        0
available    0
dtype: int64
818
frame        1
available    1
dtype: int64
819
frame        0
available    0
dtype: int64
820
frame        1
available    1
dtype: int64
821
frame        0
available    0
dtype: int64
822
frame        0
available    0
dtype: int64
823
frame        1
available    1
dtype: int64
824
frame        0
available    0
dtype: int64
825
frame        0
available    0
dtype: int64
826
frame        0
available    0
dtype: int64
827
frame        0
available    0
dtype: int64
828
frame        0
available    0
dtype: int64
829
frame        0
available    0
dtype: int64
830
frame        0
available    0
dtype: int64
831
frame        0
available    0
dtype: int64
832
frame        0
available    0
dtype: int64
833
frame        0
available    0
dtype: int64
834
frame        0
available    0
dtype: int64
835
frame        0
available    0
dtype: int64
836
frame        0
available    0
dtype: int64
837
frame        0
available    0
dtype: int64
838
frame        0
available    0
dtype: int64
839
frame        1
available    1
dtype: int64
840
frame        0
available    0
dtype: int64
841
frame        0
available    0
dtype: int64
842
frame        0
available    0
dtype: int64
843
frame        0
available    0
dtype: int64
844
frame        0
available    0
dtype: int64
845
frame        0
available    0
dtype: int64
846
frame        0
available    0
dtype: int64
847
frame        0
available    0
dtype: int64
848
frame        1
available    1
dtype: int64
849
frame        0
available    0
dtype: int64
850
frame        0
available    0
dtype: int64
851
frame        1
available    1
dtype: int64
852
frame        0
available    0
dtype: int64
853
frame        0
available    0
dtype: int64
854
frame        0
available    0
dtype: int64
855
frame        0
available    0
dtype: int64
856
frame        0
available    0
dtype: int64
857
frame        0
available    0
dtype: int64
858
frame        0
available    0
dtype: int64
859
frame        0
available    0
dtype: int64
860
frame        0
available    0
dtype: int64
861
frame        0
available    0
dtype: int64
862
frame        0
available    0
dtype: int64
863
frame        0
available    0
dtype: int64
864
frame        0
available    0
dtype: int64
865
frame        0
available    0
dtype: int64
866
frame        0
available    0
dtype: int64
867
frame        0
available    0
dtype: int64
868
frame        1
available    1
dtype: int64
869
frame        0
available    0
dtype: int64
870
frame        0
available    0
dtype: int64
871
frame        0
available    0
dtype: int64
872
frame        0
available    0
dtype: int64
873
frame        0
available    0
dtype: int64
874
frame        0
available    0
dtype: int64
875
frame        0
available    0
dtype: int64
876
frame        0
available    0
dtype: int64
877
frame        0
available    0
dtype: int64
878
frame        1
available    1
dtype: int64
879
frame        0
available    0
dtype: int64
880
frame        0
available    0
dtype: int64
881
frame        0
available    0
dtype: int64
882
frame        0
available    0
dtype: int64
883
frame        0
available    0
dtype: int64
884
frame        0
available    0
dtype: int64
885
frame        7
available    7
dtype: int64
886
frame        0
available    0
dtype: int64
887
frame        35
available    35
dtype: int64
888
frame        0
available    0
dtype: int64
889
frame        0
available    0
dtype: int64
890
frame        0
available    0
dtype: int64
891
frame        1
available    1
dtype: int64
892
frame        0
available    0
dtype: int64
893
frame        0
available    0
dtype: int64
894
frame        0
available    0
dtype: int64
895
frame        0
available    0
dtype: int64
896
frame        0
available    0
dtype: int64
897
frame        0
available    0
dtype: int64
898
frame        0
available    0
dtype: int64
899
frame        0
available    0
dtype: int64
900
frame        0
available    0
dtype: int64
901
frame        0
available    0
dtype: int64
902
frame        0
available    0
dtype: int64
903
frame        0
available    0
dtype: int64
904
frame        0
available    0
dtype: int64
905
frame        0
available    0
dtype: int64
906
frame        0
available    0
dtype: int64
907
frame        0
available    0
dtype: int64
908
frame        1
available    1
dtype: int64
909
frame        0
available    0
dtype: int64
910
frame        0
available    0
dtype: int64
911
frame        1
available    1
dtype: int64
912
frame        0
available    0
dtype: int64
913
frame        18
available    18
dtype: int64
914
frame        1
available    1
dtype: int64
915
frame        0
available    0
dtype: int64
916
frame        0
available    0
dtype: int64
917
frame        0
available    0
dtype: int64
918
frame        0
available    0
dtype: int64
919
frame        72
available    72
dtype: int64
920
frame        0
available    0
dtype: int64
921
frame        7
available    7
dtype: int64
922
frame        0
available    0
dtype: int64
923
frame        0
available    0
dtype: int64
924
frame        1
available    1
dtype: int64
925
frame        0
available    0
dtype: int64
926
frame        0
available    0
dtype: int64
927
frame        0
available    0
dtype: int64
928
frame        0
available    0
dtype: int64
929
frame        0
available    0
dtype: int64
930
frame        0
available    0
dtype: int64
931
frame        0
available    0
dtype: int64
932
frame        1
available    1
dtype: int64
933
frame        0
available    0
dtype: int64
934
frame        0
available    0
dtype: int64
935
frame        0
available    0
dtype: int64
936
frame        0
available    0
dtype: int64
937
frame        0
available    0
dtype: int64
938
frame        2
available    2
dtype: int64
939
frame        0
available    0
dtype: int64
940
frame        0
available    0
dtype: int64
941
frame        0
available    0
dtype: int64
942
frame        0
available    0
dtype: int64
943
frame        0
available    0
dtype: int64
944
frame        0
available    0
dtype: int64
945
frame        0
available    0
dtype: int64
946
frame        0
available    0
dtype: int64
947
frame        0
available    0
dtype: int64
948
frame        0
available    0
dtype: int64
949
frame        0
available    0
dtype: int64
950
frame        0
available    0
dtype: int64
951
frame        0
available    0
dtype: int64
952
frame        0
available    0
dtype: int64
953
frame        6
available    6
dtype: int64
954
frame        0
available    0
dtype: int64
955
frame        0
available    0
dtype: int64
956
frame        0
available    0
dtype: int64
957
frame        1
available    1
dtype: int64
958
frame        0
available    0
dtype: int64
959
frame        7
available    7
dtype: int64
960
frame        2
available    2
dtype: int64
961
frame        1
available    1
dtype: int64
962
frame        1
available    1
dtype: int64
963
frame        0
available    0
dtype: int64
964
frame        0
available    0
dtype: int64
965
frame        0
available    0
dtype: int64
966
frame        0
available    0
dtype: int64
967
frame        1
available    1
dtype: int64
968
frame        0
available    0
dtype: int64
969
frame        0
available    0
dtype: int64
970
frame        0
available    0
dtype: int64
971
frame        0
available    0
dtype: int64
972
frame        0
available    0
dtype: int64
973
frame        0
available    0
dtype: int64
974
frame        11
available    11
dtype: int64
975
frame        0
available    0
dtype: int64
976
frame        0
available    0
dtype: int64
977
frame        0
available    0
dtype: int64
978
frame        0
available    0
dtype: int64
979
frame        0
available    0
dtype: int64
980
frame        0
available    0
dtype: int64
981
frame        0
available    0
dtype: int64
982
frame        0
available    0
dtype: int64
983
frame        0
available    0
dtype: int64
984
frame        0
available    0
dtype: int64
985
frame        0
available    0
dtype: int64
986
frame        0
available    0
dtype: int64
987
frame        0
available    0
dtype: int64
988
frame        0
available    0
dtype: int64
989
frame        0
available    0
dtype: int64
990
frame        0
available    0
dtype: int64
991
frame        0
available    0
dtype: int64
992
frame        0
available    0
dtype: int64
993
frame        0
available    0
dtype: int64
994
frame        0
available    0
dtype: int64
995
frame        0
available    0
dtype: int64
996
frame        0
available    0
dtype: int64
997
frame        0
available    0
dtype: int64
998
frame        0
available    0
dtype: int64
999
frame        0
available    0
dtype: int64
1000
frame        0
available    0
dtype: int64
1001
frame        0
available    0
dtype: int64
1002
frame        0
available    0
dtype: int64
1003
frame        0
available    0
dtype: int64
1004
frame        0
available    0
dtype: int64
1005
frame        0
available    0
dtype: int64
1006
frame        0
available    0
dtype: int64
1007
frame        0
available    0
dtype: int64
1008
frame        1
available    1
dtype: int64
1009
frame        1
available    1
dtype: int64
1010
frame        1
available    1
dtype: int64
1011
frame        0
available    0
dtype: int64
1012
frame        0
available    0
dtype: int64
1013
frame        0
available    0
dtype: int64
1014
frame        0
available    0
dtype: int64
1015
frame        1
available    1
dtype: int64
1016
frame        0
available    0
dtype: int64
1017
frame        2
available    2
dtype: int64
1018
frame        0
available    0
dtype: int64
1019
frame        0
available    0
dtype: int64
1020
frame        1
available    1
dtype: int64
1021
frame        0
available    0
dtype: int64
1022
frame        0
available    0
dtype: int64
1023
frame        0
available    0
dtype: int64
1024
frame        0
available    0
dtype: int64
1025
frame        0
available    0
dtype: int64
1026
frame        3
available    3
dtype: int64
1027
frame        0
available    0
dtype: int64
1028
frame        0
available    0
dtype: int64
1029
frame        0
available    0
dtype: int64
1030
frame        0
available    0
dtype: int64
1031
frame        0
available    0
dtype: int64
1032
frame        0
available    0
dtype: int64
1033
frame        3
available    3
dtype: int64
1034
frame        39
available    39
dtype: int64
1035
frame        25
available    25
dtype: int64
1036
frame        36
available    36
dtype: int64
1037
frame        0
available    0
dtype: int64
1038
frame        0
available    0
dtype: int64
1039
frame        0
available    0
dtype: int64
1040
frame        0
available    0
dtype: int64
1041
frame        0
available    0
dtype: int64
1042
frame        0
available    0
dtype: int64
1043
frame        0
available    0
dtype: int64
1044
frame        0
available    0
dtype: int64
1045
frame        0
available    0
dtype: int64
1046
frame        0
available    0
dtype: int64
1047
frame        0
available    0
dtype: int64
1048
frame        0
available    0
dtype: int64
1049
frame        0
available    0
dtype: int64
1050
frame        0
available    0
dtype: int64
1051
frame        0
available    0
dtype: int64
1052
frame        0
available    0
dtype: int64
1053
frame        0
available    0
dtype: int64
1054
frame        0
available    0
dtype: int64
1055
frame        0
available    0
dtype: int64
1056
frame        0
available    0
dtype: int64
1057
frame        0
available    0
dtype: int64
1058
frame        0
available    0
dtype: int64
1059
frame        0
available    0
dtype: int64
1060
frame        0
available    0
dtype: int64
1061
frame        0
available    0
dtype: int64
1062
frame        0
available    0
dtype: int64
1063
frame        0
available    0
dtype: int64
1064
frame        0
available    0
dtype: int64
1065
frame        0
available    0
dtype: int64
1066
frame        0
available    0
dtype: int64
1067
frame        0
available    0
dtype: int64
1068
frame        0
available    0
dtype: int64
1069
frame        0
available    0
dtype: int64
1070
frame        0
available    0
dtype: int64
1071
frame        0
available    0
dtype: int64
1072
frame        0
available    0
dtype: int64
1073
frame        0
available    0
dtype: int64
1074
frame        1
available    1
dtype: int64
1075
frame        0
available    0
dtype: int64
1076
frame        1
available    1
dtype: int64
1077
frame        0
available    0
dtype: int64
1078
frame        0
available    0
dtype: int64
1079
frame        0
available    0
dtype: int64
1080
frame        0
available    0
dtype: int64
1081
frame        0
available    0
dtype: int64
1082
frame        0
available    0
dtype: int64
1083
frame        0
available    0
dtype: int64
